2008-08-31 12:36:30 Debug: Notice (1024): Please change the value of 'Security.salt' in app/config/core.php to a salt value specific to your application in [CORE\cake\libs\debugger.php, line 522]
2008-08-31 12:38:38 Debug: Notice (8): Undefined variable: tweets in [APP\views\tweets\index.ctp, line 1]
2008-08-31 12:39:11 Debug: Notice (8): Undefined index:  statuses in [APP\controllers\tweets_controller.php, line 18]
2008-08-31 12:43:39 Debug: Notice (8): Undefined variable: tweets in [APP\views\tweets\index.ctp, line 1]
2008-08-31 12:47:26 Debug: Notice (8): Undefined variable: tweets in [APP\views\tweets\index.ctp, line 1]
2008-08-31 12:48:36 Debug: Notice (8): Undefined variable: tweets in [APP\views\tweets\index.ctp, line 1]
2008-08-31 12:50:15 Debug: Notice (8): Undefined variable: tweets in [APP\views\tweets\index.ctp, line 1]
2008-08-31 12:50:40 Debug: Notice (8): Undefined variable: tweets in [APP\views\tweets\index.ctp, line 1]
2008-08-31 12:50:44 Debug: Notice (8): Undefined variable: tweets in [APP\views\tweets\index.ctp, line 1]
2008-08-31 13:04:55 Debug: Notice (8): Undefined variable: tweets in [APP\views\tweets\index.ctp, line 1]
2008-08-31 13:05:11 Debug: Notice (8): Undefined variable: tweets in [APP\views\tweets\index.ctp, line 1]
2008-08-31 13:07:10 Debug: Notice (8): Undefined variable: tweets in [APP\views\tweets\index.ctp, line 1]
2008-08-31 13:07:48 Debug: Notice (1024): XML cannot be read in [CORE\cake\libs\xml.php, line 781]
2008-08-31 13:07:48 Debug: Notice (8): Undefined variable: tweets in [APP\views\tweets\index.ctp, line 1]
2008-09-01 21:34:41 Debug: Notice (8): Undefined variable: tweets in [APP\views\tweets\index.ctp, line 1]
2008-10-21 14:44:00 Debug: Notice (8): Undefined index:  q in [APP\controllers\events_controller.php, line 17]
2008-10-21 14:49:42 Debug: Notice (8): Use of undefined constant ’json’ - assumed '’json’' in [CORE\cake\dispatcher.php, line 515]
2008-10-21 14:49:53 Debug: Notice (8): Use of undefined constant ’json’ - assumed '’json’' in [CORE\cake\dispatcher.php, line 515]
2008-10-21 14:49:53 Debug: Notice (8): Use of undefined constant ’json’ - assumed '’json’' in [CORE\cake\dispatcher.php, line 515]
2008-10-21 14:49:57 Debug: Notice (8): Use of undefined constant ’json’ - assumed '’json’' in [CORE\cake\dispatcher.php, line 515]
2008-10-21 14:50:09 Debug: Notice (8): Use of undefined constant ’json’ - assumed '’json’' in [CORE\cake\dispatcher.php, line 515]
2008-10-21 14:50:14 Debug: Notice (8): Use of undefined constant ’json’ - assumed '’json’' in [CORE\cake\dispatcher.php, line 515]
2008-10-21 14:50:37 Debug: Notice (8): Use of undefined constant ’json’ - assumed '’json’' in [CORE\cake\dispatcher.php, line 515]
2008-10-21 14:50:47 Debug: Notice (8): Undefined index:  q in [APP\controllers\events_controller.php, line 18]
2008-10-21 14:50:47 Debug: Notice (8): Undefined property:  EventsController::$json in [APP\controllers\events_controller.php, line 22]
2008-10-21 14:50:58 Debug: Notice (8): Undefined index:  q in [APP\controllers\events_controller.php, line 18]
2008-10-21 14:51:15 Debug: Notice (8): Undefined index:  q in [APP\controllers\events_controller.php, line 18]
2008-10-21 14:51:32 Debug: Notice (8): Undefined index:  q in [APP\controllers\events_controller.php, line 18]
2008-10-21 14:51:34 Debug: Notice (8): Undefined index:  q in [APP\controllers\events_controller.php, line 18]
2008-10-21 14:51:57 Debug: Notice (8): Undefined index:  q in [APP\controllers\events_controller.php, line 18]
2008-10-21 14:52:31 Debug: Notice (8): Undefined variable: data in [APP\views\events\ajax.ctp, line 2]
2008-10-21 14:52:58 Debug: Notice (8): Undefined variable: data in [APP\views\events\ajax.ctp, line 1]
2008-10-21 17:21:50 Debug: Notice (8): Undefined index:  User in [APP\views\places\index.ctp, line 37]
2008-10-21 17:22:17 Debug: Notice (8): Undefined index:  display_name in [APP\views\places\index.ctp, line 37]
2008-10-21 17:22:41 Debug: Notice (8): Undefined index:  display_name in [APP\views\places\index.ctp, line 37]
2008-10-21 17:30:40 Debug: Notice (8): Undefined index:  display_name in [APP\views\places\index.ctp, line 37]
2008-10-21 17:31:15 Debug: Notice (8): Undefined index:  display_name in [APP\views\places\index.ctp, line 37]
2008-10-28 14:29:22 Debug: Notice (8): Undefined index:  before in [CORE\cake\libs\view\helpers\form.php, line 718]
2008-10-28 14:29:22 Debug: Notice (8): Undefined index:  between in [CORE\cake\libs\view\helpers\form.php, line 719]
2008-10-28 14:29:22 Debug: Notice (8): Undefined index:  after in [CORE\cake\libs\view\helpers\form.php, line 720]
2008-10-28 15:56:26 Debug: Notice (8): Undefined property:  EventsController::$Places in [APP\controllers\events_controller.php, line 52]
2008-10-29 00:47:25 Debug: Notice (8): unserialize() [<a href='http://php.net/function.unserialize'>function.unserialize</a>]: Error at offset 0 of 725 bytes in [CORE\cake\libs\cache\file.php, line 174]
2008-10-29 00:47:25 Debug: Notice (8): unserialize() [<a href='http://php.net/function.unserialize'>function.unserialize</a>]: Error at offset 0 of 725 bytes in [CORE\cake\libs\cache\file.php, line 174]
2008-10-29 00:47:25 Debug: Notice (8): unserialize() [<a href='http://php.net/function.unserialize'>function.unserialize</a>]: Error at offset 0 of 725 bytes in [CORE\cake\libs\cache\file.php, line 174]
2008-11-07 12:39:10 Debug: Notice (8): Trying to get property of non-object in [CORE\cake\libs\model\model.php, line 1784]
2008-11-07 12:39:15 Debug: Notice (8): Use of undefined constant conditions - assumed 'conditions' in [CORE\cake\libs\model\model.php, line 1784]
2008-11-07 12:47:07 Debug: Notice (8): Undefined index:  file in [APP\controllers\components\uploader.php, line 28]
2008-11-07 12:47:15 Debug: Notice (8): Undefined index:  avatar_file in [APP\controllers\users_controller.php, line 37]
2008-11-07 12:47:30 Debug: Notice (8): Undefined index:  avatar_file in [APP\controllers\components\uploader.php, line 32]
2008-11-07 12:49:30 Debug: Notice (8): Undefined index:  avatar_file in [APP\controllers\components\uploader.php, line 44]
2008-11-07 12:51:31 Debug: Notice (8): Undefined index:  avatar in [APP\controllers\components\uploader.php, line 55]
2008-11-07 12:55:52 Debug: Notice (8): Undefined variable: target_path in [APP\controllers\components\uploader.php, line 27]
2008-11-07 14:07:28 Debug: Notice (8): Undefined offset:  0 in [APP\views\layouts\default.ctp, line 115]
2008-11-07 14:07:28 Debug: Notice (8): Undefined offset:  0 in [APP\views\layouts\default.ctp, line 117]
2008-11-07 14:07:28 Debug: Notice (8): Undefined offset:  0 in [APP\views\layouts\default.ctp, line 115]
2008-11-07 14:07:28 Debug: Notice (8): Undefined offset:  0 in [APP\views\layouts\default.ctp, line 117]
2008-11-07 14:07:41 Debug: Notice (8): Undefined offset:  0 in [APP\views\layouts\default.ctp, line 115]
2008-11-07 14:07:41 Debug: Notice (8): Undefined offset:  0 in [APP\views\layouts\default.ctp, line 117]
2008-11-07 14:07:42 Debug: Notice (8): Undefined offset:  0 in [APP\views\layouts\default.ctp, line 115]
2008-11-07 14:07:42 Debug: Notice (8): Undefined offset:  0 in [APP\views\layouts\default.ctp, line 117]
2008-11-07 14:07:54 Debug: Notice (8): Undefined offset:  0 in [APP\views\layouts\default.ctp, line 115]
2008-11-07 14:07:54 Debug: Notice (8): Undefined offset:  0 in [APP\views\layouts\default.ctp, line 117]
2008-11-07 14:07:55 Debug: Notice (8): Undefined offset:  0 in [APP\views\layouts\default.ctp, line 115]
2008-11-07 14:07:55 Debug: Notice (8): Undefined offset:  0 in [APP\views\layouts\default.ctp, line 117]
2008-11-07 14:15:05 Debug: Notice (8): Undefined offset:  0 in [APP\views\layouts\default.ctp, line 115]
2008-11-07 14:15:05 Debug: Notice (8): Undefined offset:  0 in [APP\views\layouts\default.ctp, line 117]
2008-11-07 14:15:06 Debug: Notice (8): Undefined offset:  0 in [APP\views\layouts\default.ctp, line 115]
2008-11-07 14:15:06 Debug: Notice (8): Undefined offset:  0 in [APP\views\layouts\default.ctp, line 117]
2008-11-07 15:35:13 Debug: Notice (8): Use of undefined constant fieldName - assumed 'fieldName' in [CORE\cake\libs\view\helpers\form.php, line 616]
2008-11-07 20:24:54 Debug: Notice (8): Undefined variable: data in [APP\views\events\ajax.ctp, line 1]
2008-11-07 20:31:47 Debug: Notice (8): Undefined variable: data in [APP\views\events\ajax.ctp, line 1]
2008-11-07 20:32:06 Debug: Notice (8): Undefined variable: data in [APP\views\events\ajax.ctp, line 1]
2008-11-07 20:32:37 Debug: Notice (8): Undefined variable: data in [APP\views\events\ajax.ctp, line 1]
2008-11-07 20:32:38 Debug: Notice (8): Undefined variable: data in [APP\views\events\ajax.ctp, line 1]
2008-11-07 20:34:00 Debug: Notice (8): Undefined variable: data in [APP\views\events\ajax.ctp, line 1]
2008-11-07 20:34:01 Debug: Notice (8): Undefined variable: data in [APP\views\events\ajax.ctp, line 1]
2008-11-07 20:34:39 Debug: Notice (8): Undefined variable: data in [APP\views\events\ajax.ctp, line 1]
2008-11-07 20:34:55 Debug: Notice (8): Undefined variable: data in [APP\views\events\ajax.ctp, line 1]
2008-11-07 20:35:04 Debug: Notice (8): Undefined variable: data in [APP\views\events\ajax.ctp, line 1]
2008-11-07 20:35:43 Debug: Notice (8): Undefined variable: data in [APP\views\events\ajax.ctp, line 1]
2008-11-07 20:35:51 Debug: Notice (8): Undefined variable: data in [APP\views\events\ajax.ctp, line 1]
2008-11-07 20:36:00 Debug: Notice (8): Undefined variable: data in [APP\views\events\ajax.ctp, line 1]
2008-11-07 20:36:33 Debug: Notice (8): Array to string conversion in [CORE\cake\libs\model\datasources\dbo_source.php, line 1668]
2008-11-07 20:36:33 Debug: Notice (8): Array to string conversion in [CORE\cake\libs\model\datasources\dbo_source.php, line 1672]
2008-11-07 20:36:56 Debug: Notice (8): Array to string conversion in [CORE\cake\libs\model\datasources\dbo_source.php, line 1668]
2008-11-07 20:36:56 Debug: Notice (8): Array to string conversion in [CORE\cake\libs\model\datasources\dbo_source.php, line 1672]
2008-11-07 21:13:40 Debug: Notice (8): Undefined index:  cities in [APP\models\city.php, line 15]
2008-11-07 21:13:40 Debug: Notice (8): Undefined variable: res in [APP\models\city.php, line 18]
2008-11-07 21:13:49 Debug: Notice (8): Undefined index:  Cities in [APP\models\city.php, line 15]
2008-11-07 21:13:49 Debug: Notice (8): Undefined variable: res in [APP\models\city.php, line 18]
2008-11-07 21:13:54 Debug: Notice (8): Undefined index:  City in [APP\models\city.php, line 15]
2008-11-07 21:13:54 Debug: Notice (8): Undefined variable: res in [APP\models\city.php, line 18]
2008-11-07 21:14:03 Debug: Notice (8): Undefined index:  City in [APP\models\city.php, line 15]
2008-11-07 21:14:46 Debug: Notice (8): Undefined variable: res in [APP\models\city.php, line 19]
2008-11-07 21:15:48 Debug: Notice (8): Undefined variable: res in [APP\models\city.php, line 18]
2008-11-07 21:16:06 Debug: Notice (8): Undefined variable: res in [APP\models\city.php, line 19]
2008-11-07 21:16:54 Debug: Notice (8): Use of undefined constant id - assumed 'id' in [APP\models\city.php, line 16]
2008-11-07 21:16:54 Debug: Notice (8): Use of undefined constant name - assumed 'name' in [APP\models\city.php, line 16]
2008-11-07 21:18:29 Debug: Notice (8): Undefined index:  Cities in [APP\models\city.php, line 16]
2008-11-07 22:37:24 Debug: Notice (8): Undefined index:  type in [CORE\cake\libs\view\helpers\form.php, line 549]
2008-11-07 22:47:37 Debug: Notice (8): Undefined index:  id in [APP\views\events\index.ctp, line 41]
2008-11-07 23:14:12 Debug: Notice (8): Undefined index:  Place in [APP\models\event.php, line 46]
2008-11-07 23:14:12 Debug: Notice (8): Undefined index:  Place in [APP\models\event.php, line 52]
2008-11-07 23:14:40 Debug: Notice (8): Undefined index:  Place in [APP\models\event.php, line 46]
2008-11-07 23:14:40 Debug: Notice (8): Undefined index:  Place in [APP\models\event.php, line 52]
2008-11-07 23:14:40 Debug: Notice (8): Undefined variable: model in [APP\models\behaviors\wikable.php, line 8]
2008-11-07 23:14:40 Debug: Notice (8): Trying to get property of non-object in [APP\models\behaviors\wikable.php, line 8]
2008-11-07 23:15:21 Debug: Notice (8): Undefined variable: model in [APP\models\behaviors\wikable.php, line 8]
2008-11-07 23:15:21 Debug: Notice (8): Trying to get property of non-object in [APP\models\behaviors\wikable.php, line 8]
2008-11-07 23:20:32 Debug: Notice (8): Undefined offset:  0 in [APP\models\behaviors\wikable.php, line 8]
2008-11-07 23:23:21 Debug: Notice (8): Undefined property:  WikableBehavior::$Auth in [APP\models\behaviors\wikable.php, line 10]
2008-11-08 00:19:41 Debug: Notice (8): Undefined index:  id in [APP\views\events\index.ctp, line 41]
2008-11-08 00:24:58 Debug: Notice (8): Undefined index:  id in [APP\views\events\index.ctp, line 41]
2008-11-08 00:27:01 Debug: Notice (8): Undefined index:  id in [APP\views\events\index.ctp, line 41]
2008-11-08 00:27:05 Debug: Notice (8): Undefined index:  id in [APP\views\events\index.ctp, line 41]
2008-11-08 00:28:00 Debug: Notice (8): Undefined index:  place_name in [APP\views\places\view.ctp, line 11]
2008-11-08 00:28:00 Debug: Notice (8): Undefined index:  place_description in [APP\views\places\view.ctp, line 16]
2008-11-08 00:28:00 Debug: Notice (8): Undefined index:  revision_date in [APP\views\places\view.ctp, line 26]
2008-11-08 00:28:43 Debug: Notice (8): Undefined index:  revision_date in [APP\views\places\view.ctp, line 26]
2008-11-08 00:35:21 Debug: Notice (8): Undefined index:  id in [APP\views\events\view.ctp, line 26]
2008-11-08 00:37:11 Debug: Notice (8): Undefined index:  id in [APP\views\events\view.ctp, line 26]
2008-11-08 01:13:13 Debug: Notice (8): Undefined index:  id in [APP\views\events\view.ctp, line 26]
2008-11-08 01:23:16 Debug: Notice (8): Undefined index:  id in [APP\views\events\view.ctp, line 26]
2008-11-08 01:23:18 Debug: Notice (8): Undefined index:  id in [APP\views\events\view.ctp, line 26]
2008-11-08 01:23:21 Debug: Notice (8): Undefined index:  Event in [APP\models\behaviors\wikable.php, line 23]
2008-11-08 01:23:22 Debug: Notice (8): Undefined index:  Event in [APP\models\behaviors\wikable.php, line 23]
2008-11-08 01:23:29 Debug: Notice (8): Undefined index:  Event in [APP\models\behaviors\wikable.php, line 23]
2008-11-08 01:23:29 Debug: Notice (8): Undefined index:  Event in [APP\models\behaviors\wikable.php, line 23]
2008-11-08 01:23:59 Debug: Notice (8): Undefined variable: item in [APP\models\behaviors\wikable.php, line 21]
2008-11-08 01:23:59 Debug: Notice (8): Undefined index:  Event in [APP\models\behaviors\wikable.php, line 23]
2008-11-08 01:23:59 Debug: Notice (8): Undefined variable: item in [APP\models\behaviors\wikable.php, line 21]
2008-11-08 01:23:59 Debug: Notice (8): Undefined index:  Event in [APP\models\behaviors\wikable.php, line 23]
2008-11-08 01:27:25 Debug: Notice (8): Undefined index:  Event in [APP\models\behaviors\wikable.php, line 24]
2008-11-08 01:27:25 Debug: Notice (8): Undefined index:  Event in [APP\models\behaviors\wikable.php, line 24]
2008-11-08 01:43:51 Debug: Notice (8): Undefined variable: city in [APP\views\events\edit.ctp, line 13]
2008-11-08 01:43:51 Debug: Notice (8): Undefined variable: city in [APP\views\events\edit.ctp, line 24]
2008-11-08 01:45:25 Debug: Notice (8): Undefined index:  id in [APP\views\events\view.ctp, line 26]
2008-11-08 01:45:49 Debug: Notice (8): Undefined index:  id in [APP\views\events\view.ctp, line 26]
2008-11-08 01:46:12 Debug: Notice (8): Undefined index:  Wiki in [APP\views\events\view.ctp, line 26]
2008-11-08 01:49:09 Debug: Notice (8): Undefined index:  Wiki in [APP\views\events\view.ctp, line 26]
2008-11-08 01:57:09 Debug: Notice (8): Undefined variable: data in [APP\models\behaviors\wikable.php, line 42]
2008-11-08 01:57:11 Debug: Notice (8): Undefined variable: data in [APP\models\behaviors\wikable.php, line 42]
2008-11-08 14:47:11 Debug: Notice (8): Undefined variable: event in [APP\views\events\edit.ctp, line 11]
2008-11-08 14:47:11 Debug: Notice (8): Undefined variable: wikiText in [APP\views\events\edit.ctp, line 12]
2008-11-08 14:47:19 Debug: Notice (8): Undefined variable: events in [APP\views\events\edit.ctp, line 11]
2008-11-08 14:47:19 Debug: Notice (8): Undefined variable: wikiText in [APP\views\events\edit.ctp, line 12]
2008-11-08 14:47:26 Debug: Notice (8): Undefined variable: wikiText in [APP\views\events\edit.ctp, line 12]
2008-11-28 10:25:20 Debug: Notice (8): Undefined variable: element in [APP\views\events\add.ctp, line 32]
