2008-05-23 12:30:54 Warning: Warning (2): preg_match() [<a href='http://php.net/function.preg-match'>function.preg-match</a>]: Delimiter must not be alphanumeric or backslash in [CORE\cake\libs\model\model.php, line 2190]
2008-05-23 12:31:28 Warning: Warning (2): preg_match() [<a href='http://php.net/function.preg-match'>function.preg-match</a>]: Delimiter must not be alphanumeric or backslash in [CORE\cake\libs\model\model.php, line 2190]
2008-05-23 12:31:32 Warning: Warning (2): preg_match() [<a href='http://php.net/function.preg-match'>function.preg-match</a>]: Delimiter must not be alphanumeric or backslash in [CORE\cake\libs\model\model.php, line 2190]
2008-05-23 12:32:03 Warning: Warning (2): preg_match() [<a href='http://php.net/function.preg-match'>function.preg-match</a>]: Delimiter must not be alphanumeric or backslash in [CORE\cake\libs\model\model.php, line 2190]
2008-05-23 12:32:08 Warning: Warning (2): preg_match() [<a href='http://php.net/function.preg-match'>function.preg-match</a>]: Delimiter must not be alphanumeric or backslash in [CORE\cake\libs\model\model.php, line 2190]
2008-05-23 12:32:30 Warning: Warning (2): preg_match() [<a href='http://php.net/function.preg-match'>function.preg-match</a>]: Delimiter must not be alphanumeric or backslash in [CORE\cake\libs\model\model.php, line 2190]
2008-05-23 12:33:08 Warning: Warning (2): preg_match() [<a href='http://php.net/function.preg-match'>function.preg-match</a>]: Unknown modifier '/' in [CORE\cake\libs\model\model.php, line 2190]
2008-05-23 12:33:08 Warning: Warning (2): preg_match() [<a href='http://php.net/function.preg-match'>function.preg-match</a>]: Delimiter must not be alphanumeric or backslash in [CORE\cake\libs\model\model.php, line 2190]
2008-05-23 12:33:16 Warning: Warning (2): preg_match() [<a href='http://php.net/function.preg-match'>function.preg-match</a>]: Delimiter must not be alphanumeric or backslash in [CORE\cake\libs\model\model.php, line 2190]
2008-05-23 12:33:26 Warning: Warning (2): preg_match() [<a href='http://php.net/function.preg-match'>function.preg-match</a>]: Delimiter must not be alphanumeric or backslash in [CORE\cake\libs\model\model.php, line 2190]
2008-05-23 14:02:59 Warning: Warning (2): Cannot modify header information - headers already sent by (output started at Z:\home\kultor\www\app\controllers\users_controller.php:60) in [CORE\cake\libs\controller\controller.php, line 568]
2008-05-23 14:08:13 Warning: Warning (2): Cannot modify header information - headers already sent by (output started at Z:\home\kultor\www\app\controllers\users_controller.php:59) in [CORE\cake\libs\controller\controller.php, line 568]
2008-05-23 14:11:33 Warning: Warning (2): Cannot modify header information - headers already sent by (output started at Z:\home\kultor\www\app\controllers\users_controller.php:59) in [CORE\cake\libs\controller\controller.php, line 568]
2008-05-23 14:11:45 Warning: Warning (2): Cannot modify header information - headers already sent by (output started at Z:\home\kultor\www\cake\libs\controller\components\auth.php:559) in [CORE\cake\libs\controller\controller.php, line 568]
2008-05-23 14:14:35 Warning: Warning (2): Cannot modify header information - headers already sent by (output started at Z:\home\kultor\www\cake\libs\controller\components\auth.php:559) in [CORE\cake\libs\controller\controller.php, line 568]
2008-05-23 14:20:52 Warning: Warning (512): Users::isAuthorized() is not defined. in [CORE\cake\libs\controller\controller.php, line 628]
2008-05-23 14:20:52 Warning: Warning (2): Cannot modify header information - headers already sent by (output started at Z:\home\kultor\www\cake\basics.php:194) in [CORE\cake\libs\controller\controller.php, line 568]
2008-05-23 14:59:57 Warning: Warning (512): Users::isAuthorized() is not defined. in [CORE/cake/libs/controller/controller.php, line 628]
2008-05-23 14:59:57 Warning: Warning (2): Cannot modify header information - headers already sent by (output started at /virt/homes/kultor/htdocs/cake/basics.php:194) in [CORE/cake/libs/controller/controller.php, line 568]
2008-05-23 15:17:26 Warning: Warning (512): Method FormHelper::files does not exist in [CORE/cake/libs/view/helper.php, line 148]
2008-05-23 15:34:08 Warning: Warning (512): Method HtmlHelper::file does not exist in [CORE/cake/libs/view/helper.php, line 148]
2008-05-23 15:48:07 Warning: Warning (512): Method HtmlHelper::file does not exist in [CORE/cake/libs/view/helper.php, line 148]
2008-05-23 15:48:07 Warning: Warning (512): Method HtmlHelper::submit does not exist in [CORE/cake/libs/view/helper.php, line 148]
2008-05-23 15:48:19 Warning: Warning (512): Method HtmlHelper::file does not exist in [CORE/cake/libs/view/helper.php, line 148]
2008-05-23 15:48:19 Warning: Warning (512): Method HtmlHelper::submit does not exist in [CORE/cake/libs/view/helper.php, line 148]
2008-05-23 15:51:14 Warning: Warning (2): Cannot modify header information - headers already sent by (output started at /virt/homes/kultor/htdocs/cake/basics.php:194) in [CORE/cake/libs/controller/controller.php, line 568]
2008-05-23 16:02:06 Warning: Warning (2): basename() expects parameter 1 to be string, array given in [CORE/cake/libs/file.php, line 92]
2008-05-23 16:02:17 Warning: Warning (2): basename() expects parameter 1 to be string, array given in [CORE/cake/libs/file.php, line 92]
2008-05-23 16:09:15 Warning: Warning (2): Cannot modify header information - headers already sent by (output started at /virt/homes/kultor/htdocs/cake/basics.php:194) in [CORE/cake/libs/controller/controller.php, line 568]
2008-05-23 16:10:14 Warning: Warning (2): Cannot modify header information - headers already sent by (output started at /virt/homes/kultor/htdocs/cake/basics.php:194) in [CORE/cake/libs/controller/controller.php, line 568]
2008-05-23 16:10:28 Warning: Warning (2): Cannot modify header information - headers already sent by (output started at /virt/homes/kultor/htdocs/cake/basics.php:194) in [CORE/cake/libs/controller/controller.php, line 568]
2008-05-23 16:11:38 Warning: Warning (2): Cannot modify header information - headers already sent by (output started at /virt/homes/kultor/htdocs/cake/basics.php:194) in [CORE/cake/libs/controller/controller.php, line 568]
2008-05-23 16:13:24 Warning: Warning (2): Cannot modify header information - headers already sent by (output started at /virt/homes/kultor/htdocs/cake/basics.php:194) in [CORE/cake/libs/controller/controller.php, line 568]
2008-05-23 16:18:57 Warning: Warning (2): Cannot modify header information - headers already sent by (output started at /virt/homes/kultor/htdocs/cake/basics.php:194) in [CORE/cake/libs/controller/controller.php, line 568]
2008-05-23 16:25:20 Warning: Warning (2): Cannot modify header information - headers already sent by (output started at /virt/homes/kultor/htdocs/cake/basics.php:194) in [CORE/cake/libs/controller/controller.php, line 568]
2008-05-23 17:34:45 Warning: Warning (2): Cannot modify header information - headers already sent by (output started at /virt/homes/kultor/htdocs/app/controllers/users_controller.php:22) in [CORE/cake/libs/controller/controller.php, line 568]
2008-05-23 17:35:58 Warning: Warning (2): Cannot modify header information - headers already sent by (output started at /virt/homes/kultor/htdocs/app/controllers/users_controller.php:22) in [CORE/cake/libs/controller/controller.php, line 568]
2008-05-23 17:36:09 Warning: Warning (2): Cannot modify header information - headers already sent by (output started at /virt/homes/kultor/htdocs/app/controllers/users_controller.php:22) in [CORE/cake/libs/controller/controller.php, line 568]
2008-05-23 17:36:54 Warning: Warning (2): Cannot modify header information - headers already sent by (output started at /virt/homes/kultor/htdocs/app/controllers/users_controller.php:30) in [CORE/cake/libs/controller/controller.php, line 568]
2008-05-23 17:37:30 Warning: Warning (2): Cannot modify header information - headers already sent by (output started at /virt/homes/kultor/htdocs/app/controllers/users_controller.php:30) in [CORE/cake/libs/controller/controller.php, line 568]
2008-05-23 17:41:07 Warning: Warning (2): Cannot modify header information - headers already sent by (output started at /virt/homes/kultor/htdocs/app/controllers/components/uploader.php:9) in [CORE/cake/libs/controller/controller.php, line 568]
2008-05-23 17:41:51 Warning: Warning (2): Cannot modify header information - headers already sent by (output started at /virt/homes/kultor/htdocs/cake/basics.php:194) in [CORE/cake/libs/controller/controller.php, line 568]
2008-05-23 17:42:05 Warning: Warning (2): Cannot modify header information - headers already sent by (output started at /virt/homes/kultor/htdocs/app/controllers/components/uploader.php:9) in [CORE/cake/libs/controller/controller.php, line 568]
2008-05-23 17:42:17 Warning: Warning (2): Cannot modify header information - headers already sent by (output started at /virt/homes/kultor/htdocs/app/controllers/components/uploader.php:9) in [CORE/cake/libs/controller/controller.php, line 568]
2008-05-23 17:42:38 Warning: Warning (2): Cannot modify header information - headers already sent by (output started at /virt/homes/kultor/htdocs/app/controllers/components/uploader.php:9) in [CORE/cake/libs/controller/controller.php, line 568]
2008-05-23 17:42:55 Warning: Warning (2): Cannot modify header information - headers already sent by (output started at /virt/homes/kultor/htdocs/app/controllers/components/uploader.php:16) in [CORE/cake/libs/controller/controller.php, line 568]
2008-05-23 17:54:20 Warning: Warning (512): loadModel is deprecated see App::import('Model', 'ModelName'); in [CORE/cake/basics.php, line 1030]
2008-05-23 17:54:20 Warning: Warning (2): Missing argument 1 for File::__construct(), called in /virt/homes/kultor/htdocs/app/controllers/components/uploader.php on line 19 and defined in [CORE/cake/libs/file.php, line 88]
2008-05-23 17:54:43 Warning: Warning (2): Missing argument 1 for File::__construct(), called in /virt/homes/kultor/htdocs/app/controllers/components/uploader.php on line 19 and defined in [CORE/cake/libs/file.php, line 88]
2008-05-23 17:55:14 Warning: Warning (2): Missing argument 1 for File::__construct(), called in /virt/homes/kultor/htdocs/app/controllers/components/uploader.php on line 19 and defined in [CORE/cake/libs/file.php, line 88]
2008-05-23 17:55:40 Warning: Warning (2): Missing argument 1 for File::__construct(), called in /virt/homes/kultor/htdocs/app/controllers/components/uploader.php on line 19 and defined in [CORE/cake/libs/file.php, line 88]
2008-05-23 19:41:56 Warning: Warning (2): basename() expects parameter 1 to be string, array given in [CORE/cake/libs/file.php, line 92]
2008-05-23 19:43:44 Warning: Warning (2): basename() expects parameter 1 to be string, array given in [CORE/cake/libs/file.php, line 92]
2008-05-23 19:44:54 Warning: Warning (2): Cannot modify header information - headers already sent by (output started at /virt/homes/kultor/htdocs/app/controllers/components/uploader.php:25) in [CORE/cake/libs/controller/controller.php, line 568]
2008-05-23 19:45:16 Warning: Warning (512): <span style = "color:Red;text-align:left"><b>SQL Error:</b> 1062: Duplicate entry '' for key 2</span> in [CORE/cake/libs/model/datasources/dbo_source.php, line 487]
2008-05-23 19:45:16 Warning: Warning (2): Cannot modify header information - headers already sent by (output started at /virt/homes/kultor/htdocs/cake/basics.php:345) in [CORE/cake/libs/controller/controller.php, line 568]
2008-05-23 19:45:58 Warning: Warning (2): Cannot modify header information - headers already sent by (output started at /virt/homes/kultor/htdocs/cake/basics.php:194) in [CORE/cake/libs/controller/controller.php, line 568]
2008-05-23 19:49:56 Warning: Warning (512): <span style = "color:Red;text-align:left"><b>SQL Error:</b> 1062: Duplicate entry 'tara.jpg' for key 2</span> in [CORE/cake/libs/model/datasources/dbo_source.php, line 487]
2008-05-23 19:49:56 Warning: Warning (2): Cannot modify header information - headers already sent by (output started at /virt/homes/kultor/htdocs/cake/basics.php:345) in [CORE/cake/libs/controller/controller.php, line 568]
2008-05-23 22:33:31 Warning: Warning (2): Cannot modify header information - headers already sent by (output started at /virt/homes/kultor/htdocs/app/controllers/components/uploader.php:25) in [CORE/cake/libs/controller/controller.php, line 568]
2008-05-24 00:43:36 Warning: Warning (2): Cannot modify header information - headers already sent by (output started at /virt/homes/kultor/htdocs/app/controllers/components/uploader.php:25) in [CORE/cake/libs/controller/controller.php, line 568]
2008-05-24 00:44:05 Warning: Warning (2): Cannot modify header information - headers already sent by (output started at /virt/homes/kultor/htdocs/app/controllers/components/uploader.php:26) in [CORE/cake/libs/controller/controller.php, line 568]
2008-05-24 00:54:13 Warning: Warning (2): Cannot modify header information - headers already sent by (output started at /virt/homes/kultor/htdocs/app/controllers/components/uploader.php:35) in [CORE/cake/libs/controller/controller.php, line 568]
2008-05-24 00:55:30 Warning: Warning (2): unlink(files/upload/avatar/6) [<a href='http://php.net/function.unlink'>function.unlink</a>]: No such file or directory in [APP/controllers/components/uploader.php, line 25]
2008-05-24 00:55:30 Warning: Warning (2): Cannot modify header information - headers already sent by (output started at /virt/homes/kultor/htdocs/cake/basics.php:194) in [CORE/cake/libs/controller/controller.php, line 568]
2008-05-24 00:55:50 Warning: Warning (2): unlink(files/upload/avatar/7) [<a href='http://php.net/function.unlink'>function.unlink</a>]: No such file or directory in [APP/controllers/components/uploader.php, line 25]
2008-05-24 00:55:50 Warning: Warning (2): Cannot modify header information - headers already sent by (output started at /virt/homes/kultor/htdocs/cake/basics.php:194) in [CORE/cake/libs/controller/controller.php, line 568]
2008-05-24 00:57:25 Warning: Warning (2): Wrong parameter count for strrchr() in [APP/controllers/components/uploader.php, line 25]
2008-05-24 00:57:25 Warning: Warning (2): unlink(files/upload/avatar/8) [<a href='http://php.net/function.unlink'>function.unlink</a>]: No such file or directory in [APP/controllers/components/uploader.php, line 26]
2008-05-24 00:57:25 Warning: Warning (2): Cannot modify header information - headers already sent by (output started at /virt/homes/kultor/htdocs/cake/basics.php:194) in [CORE/cake/libs/controller/controller.php, line 568]
2008-05-24 01:08:12 Warning: Warning (512): <span style = "color:Red;text-align:left"><b>SQL Error:</b> 1054: Unknown column 'id!' in 'where clause'</span> in [CORE/cake/libs/model/datasources/dbo_source.php, line 487]
2008-05-24 01:08:12 Warning: Warning (2): Invalid argument supplied for foreach() in [APP/controllers/components/uploader.php, line 31]
2008-05-24 01:08:12 Warning: Warning (2): Cannot modify header information - headers already sent by (output started at /virt/homes/kultor/htdocs/cake/basics.php:345) in [CORE/cake/libs/controller/controller.php, line 568]
2008-05-24 01:14:25 Warning: Warning (2): unlink(files/upload/avatar/16.jpg15.jpg) [<a href='http://php.net/function.unlink'>function.unlink</a>]: No such file or directory in [APP/controllers/components/uploader.php, line 36]
2008-05-24 01:14:25 Warning: Warning (2): Cannot modify header information - headers already sent by (output started at /virt/homes/kultor/htdocs/cake/basics.php:194) in [CORE/cake/libs/controller/controller.php, line 568]
2008-05-24 01:15:41 Warning: Warning (2): unlink(files/upload/avatar/17.jpg16.jpg) [<a href='http://php.net/function.unlink'>function.unlink</a>]: No such file or directory in [APP/controllers/components/uploader.php, line 37]
2008-05-24 01:15:41 Warning: Warning (2): Cannot modify header information - headers already sent by (output started at /virt/homes/kultor/htdocs/app/controllers/components/uploader.php:36) in [CORE/cake/libs/controller/controller.php, line 568]
2008-05-24 01:16:17 Warning: Warning (2): unlink(files/upload/avatar/18.jpg17.jpg) [<a href='http://php.net/function.unlink'>function.unlink</a>]: No such file or directory in [APP/controllers/components/uploader.php, line 37]
2008-05-24 01:16:17 Warning: Warning (2): Cannot modify header information - headers already sent by (output started at /virt/homes/kultor/htdocs/app/controllers/components/uploader.php:36) in [CORE/cake/libs/controller/controller.php, line 568]
2008-05-24 01:16:53 Warning: Warning (2): Cannot modify header information - headers already sent by (output started at /virt/homes/kultor/htdocs/app/controllers/components/uploader.php:36) in [CORE/cake/libs/controller/controller.php, line 568]
2008-05-24 01:17:16 Warning: Warning (2): unlink(files/upload/avatar/19.jpg) [<a href='http://php.net/function.unlink'>function.unlink</a>]: No such file or directory in [APP/controllers/components/uploader.php, line 37]
2008-05-24 01:17:16 Warning: Warning (2): Cannot modify header information - headers already sent by (output started at /virt/homes/kultor/htdocs/cake/basics.php:194) in [CORE/cake/libs/controller/controller.php, line 568]
2008-05-25 01:00:23 Warning: Warning (2): Cannot unset offset in a non-array variable in [APP/controllers/users_controller.php, line 49]
2008-05-25 01:00:26 Warning: Warning (2): Cannot unset offset in a non-array variable in [APP/controllers/users_controller.php, line 49]
2008-05-25 01:00:28 Warning: Warning (2): Cannot unset offset in a non-array variable in [APP/controllers/users_controller.php, line 49]
2008-05-25 01:00:29 Warning: Warning (2): Cannot unset offset in a non-array variable in [APP/controllers/users_controller.php, line 49]
2008-05-25 01:00:30 Warning: Warning (2): Cannot unset offset in a non-array variable in [APP/controllers/users_controller.php, line 49]
2008-05-25 01:00:55 Warning: Warning (2): Cannot unset offset in a non-array variable in [APP/controllers/users_controller.php, line 50]
2008-05-25 01:00:57 Warning: Warning (2): Cannot unset offset in a non-array variable in [APP/controllers/users_controller.php, line 50]
2008-05-25 20:02:47 Warning: Warning (2): unlink(/virt/homes/kultor/htdocs/app/tmp/cache/persistent/cake_core_dir_map) [<a href='http://php.net/function.unlink'>function.unlink</a>]: No such file or directory in [CORE/cake/libs/file.php, line 278]
2008-05-25 20:02:48 Warning: Warning (2): unlink(/virt/homes/kultor/htdocs/app/tmp/cache/persistent/cake_core_object_map) [<a href='http://php.net/function.unlink'>function.unlink</a>]: No such file or directory in [CORE/cake/libs/file.php, line 278]
2008-06-03 00:38:56 Warning: Warning (2): date() expects parameter 2 to be long, string given in [APP\views\events\add.ctp, line 39]
2008-06-03 09:57:30 Warning: Warning (512): Could not create Z:\home\kultor\www\app\webroot\css\packed/. Please create it manually with 777 permissions in [APP\views\helpers\asset.php, line 122]
2008-06-03 09:57:30 Warning: Warning (512): Could not create Z:\home\kultor\www\app\webroot\js\packed/. Please create it manually with 777 permissions in [APP\views\helpers\asset.php, line 122]
2008-06-03 09:57:30 Warning: Warning (512): (vendor) Deprecated, see App::import('Vendor', '...'); in [CORE\cake\basics.php, line 151]
2008-06-03 09:58:47 Warning: Warning (512): Could not create Z:\home\kultor\www\app\webroot\css\packed. Please create it manually with 777 permissions in [APP\views\helpers\asset.php, line 122]
2008-06-03 09:58:47 Warning: Warning (2): filemtime() [<a href='http://php.net/function.filemtime'>function.filemtime</a>]: stat failed for Z:\home\kultor\www\app\webroot\css\packeddate_datepicker_1212473696.css in [APP\views\helpers\asset.php, line 137]
2008-06-03 09:58:47 Warning: Warning (2): unlink(Z:\home\kultor\www\app\webroot\css\packeddate_datepicker_1212473696.css) [<a href='http://php.net/function.unlink'>function.unlink</a>]: No such file or directory in [APP\views\helpers\asset.php, line 147]
2008-06-03 09:58:47 Warning: Warning (512): (vendor) Deprecated, see App::import('Vendor', '...'); in [CORE\cake\basics.php, line 151]
2008-06-03 09:58:48 Warning: Warning (512): Could not create Z:\home\kultor\www\app\webroot\js\packed. Please create it manually with 777 permissions in [APP\views\helpers\asset.php, line 122]
2008-06-03 09:58:57 Warning: Warning (512): Could not create Z:\home\kultor\www\app\webroot\css\packed/. Please create it manually with 777 permissions in [APP\views\helpers\asset.php, line 122]
2008-06-03 09:58:57 Warning: Warning (512): Could not create Z:\home\kultor\www\app\webroot\js\packed/. Please create it manually with 777 permissions in [APP\views\helpers\asset.php, line 122]
2008-06-03 09:58:58 Warning: Warning (512): (vendor) Deprecated, see App::import('Vendor', '...'); in [CORE\cake\basics.php, line 151]
2008-06-03 09:59:09 Warning: Warning (512): Could not create Z:\home\kultor\www\app\webroot\css\packed\. Please create it manually with 777 permissions in [APP\views\helpers\asset.php, line 122]
2008-06-03 09:59:09 Warning: Warning (512): Could not create Z:\home\kultor\www\app\webroot\js\packed\. Please create it manually with 777 permissions in [APP\views\helpers\asset.php, line 122]
2008-06-03 09:59:09 Warning: Warning (512): (vendor) Deprecated, see App::import('Vendor', '...'); in [CORE\cake\basics.php, line 151]
2008-06-03 10:00:21 Warning: Warning (512): Could not create Z:\home\kultor\www\app\webroot\css\packed/. Please create it manually with 777 permissions in [APP\views\helpers\asset.php, line 122]
2008-06-03 10:00:21 Warning: Warning (512): Could not create Z:\home\kultor\www\app\webroot\js\packed/. Please create it manually with 777 permissions in [APP\views\helpers\asset.php, line 122]
2008-06-03 10:00:21 Warning: Warning (512): (vendor) Deprecated, see App::import('Vendor', '...'); in [CORE\cake\basics.php, line 151]
2008-06-03 10:00:31 Warning: Warning (512): (vendor) Deprecated, see App::import('Vendor', '...'); in [CORE\cake\basics.php, line 151]
2008-06-06 11:51:34 Warning: Warning (512): <span style = "color:Red;text-align:left"><b>SQL Error:</b> 1054: Unknown column 'User.list' in 'field list'</span> in [CORE\cake\libs\model\datasources\dbo_source.php, line 487]
2008-06-06 11:52:03 Warning: Warning (2): array_merge() [<a href='http://php.net/function.array-merge'>function.array-merge</a>]: Argument #2 is not an array in [CORE\cake\libs\model\model.php, line 1749]
2008-06-06 12:27:30 Warning: Warning (512): Method CommentsHelper::render does not exist in [CORE\cake\libs\view\helper.php, line 148]
2008-06-06 12:27:38 Warning: Warning (512): Method CommentsHelper::renderElement does not exist in [CORE\cake\libs\view\helper.php, line 148]
2008-06-06 12:28:19 Warning: Warning (512): Method CommentsHelper::renderElement does not exist in [CORE\cake\libs\view\helper.php, line 148]
2008-06-06 12:28:27 Warning: Warning (512): Method CommentsHelper::renderElement does not exist in [CORE\cake\libs\view\helper.php, line 148]
2008-06-06 12:38:55 Warning: Warning (512): Method FormHelper::beginForm does not exist in [CORE\cake\libs\view\helper.php, line 148]
2008-06-06 12:39:02 Warning: Warning (512): Method FormHelper::begin does not exist in [CORE\cake\libs\view\helper.php, line 148]
2008-06-06 13:54:32 Warning: Warning (512): <span style = "color:Red;text-align:left"><b>SQL Error:</b> 1064: You have an error in your SQL syntax; check the manual that corresponds to your MySQL server version for the right syntax to use near '"' at line 1</span> in [CORE\cake\libs\model\datasources\dbo_source.php, line 487]
2008-06-06 14:10:58 Warning: Warning (2): implode() [<a href='http://php.net/function.implode'>function.implode</a>]: Bad arguments. in [APP\views\elements\commentbox.ctp, line 5]
2008-06-06 14:11:22 Warning: Warning (2): implode() [<a href='http://php.net/function.implode'>function.implode</a>]: Bad arguments. in [APP\views\elements\commentbox.ctp, line 5]
2008-06-07 19:25:36 Warning: Warning (2): strtotime() expects parameter 1 to be string, array given in [APP\controllers\events_controller.php, line 37]
2008-06-07 19:27:15 Warning: Warning (2): strtotime() expects parameter 1 to be string, array given in [APP\controllers\events_controller.php, line 37]
2008-06-07 19:59:59 Warning: Warning (2): strtotime() expects parameter 1 to be string, array given in [CORE\cake\libs\view\helpers\form.php, line 1186]
2008-06-08 09:44:22 Warning: Warning (2): Cannot modify header information - headers already sent by (output started at Z:\home\kultor\www\cake\basics.php:111) in [CORE\cake\libs\controller\controller.php, line 576]
2008-06-08 10:21:59 Warning: Warning (2): preg_match() expects parameter 2 to be string, array given in [CORE\cake\libs\model\model.php, line 2193]
2008-06-08 11:31:23 Warning: Warning (2): preg_match() expects parameter 2 to be string, array given in [CORE\cake\libs\model\model.php, line 2193]
2008-06-08 11:31:42 Warning: Warning (2): preg_match() expects parameter 2 to be string, array given in [CORE\cake\libs\model\model.php, line 2193]
2008-06-08 11:32:50 Warning: Warning (2): preg_match() expects parameter 2 to be string, array given in [CORE\cake\libs\model\model.php, line 2193]
2008-06-08 11:33:10 Warning: Warning (2): preg_match() expects parameter 2 to be string, array given in [CORE\cake\libs\model\model.php, line 2193]
2008-06-08 11:36:27 Warning: Warning (2): preg_match() expects parameter 2 to be string, array given in [CORE\cake\libs\model\model.php, line 2193]
2008-06-08 11:36:35 Warning: Warning (2): preg_match() expects parameter 2 to be string, array given in [CORE\cake\libs\model\model.php, line 2193]
2008-06-08 11:36:41 Warning: Warning (2): preg_match() expects parameter 2 to be string, array given in [CORE\cake\libs\model\model.php, line 2193]
2008-06-08 11:37:20 Warning: Warning (2): preg_match() expects parameter 2 to be string, array given in [CORE\cake\libs\model\model.php, line 2193]
2008-06-08 11:39:18 Warning: Warning (2): preg_match() expects parameter 2 to be string, array given in [CORE\cake\libs\model\model.php, line 2193]
2008-06-08 11:39:40 Warning: Warning (2): preg_match() expects parameter 2 to be string, array given in [CORE\cake\libs\model\model.php, line 2193]
2008-06-08 11:39:45 Warning: Warning (2): preg_match() expects parameter 2 to be string, array given in [CORE\cake\libs\model\model.php, line 2193]
2008-06-08 11:45:17 Warning: Warning (2): strtotime() expects parameter 1 to be string, array given in [CORE\cake\libs\view\helpers\form.php, line 1206]
2008-06-08 14:29:26 Warning: Warning (2): mysql_fetch_assoc(): supplied argument is not a valid MySQL result resource in [APP\views\events\ajax.ctp, line 4]
2008-06-08 14:29:27 Warning: Warning (2): mysql_fetch_assoc(): supplied argument is not a valid MySQL result resource in [APP\views\events\ajax.ctp, line 4]
2008-06-08 14:29:28 Warning: Warning (2): mysql_fetch_assoc(): supplied argument is not a valid MySQL result resource in [APP\views\events\ajax.ctp, line 4]
2008-06-08 14:29:30 Warning: Warning (2): mysql_fetch_assoc(): supplied argument is not a valid MySQL result resource in [APP\views\events\ajax.ctp, line 4]
2008-06-08 14:29:32 Warning: Warning (2): mysql_fetch_assoc(): supplied argument is not a valid MySQL result resource in [APP\views\events\ajax.ctp, line 4]
2008-06-08 14:31:37 Warning: Warning (2): mysql_fetch_assoc(): supplied argument is not a valid MySQL result resource in [APP\views\events\ajax.ctp, line 4]
2008-06-08 14:31:43 Warning: Warning (2): mysql_fetch_assoc(): supplied argument is not a valid MySQL result resource in [APP\views\events\ajax.ctp, line 4]
2008-06-08 14:31:44 Warning: Warning (2): mysql_fetch_assoc(): supplied argument is not a valid MySQL result resource in [APP\views\events\ajax.ctp, line 4]
2008-06-08 14:31:45 Warning: Warning (2): mysql_fetch_assoc(): supplied argument is not a valid MySQL result resource in [APP\views\events\ajax.ctp, line 4]
2008-06-08 14:31:49 Warning: Warning (2): mysql_fetch_assoc(): supplied argument is not a valid MySQL result resource in [APP\views\events\ajax.ctp, line 4]
2008-06-08 15:32:13 Warning: Warning (2): Invalid argument supplied for foreach() in [APP\views\events\ajax.ctp, line 1]
2008-06-08 17:34:45 Warning: Warning (2): fopen(Z:\home\kultor\www\app\tmp\cache\\persistent\cake_core_core_paths) [<a href='http://php.net/function.fopen'>function.fopen</a>]: failed to open stream: No such file or directory in [CORE\cake\libs\file.php, line 146]
2008-06-08 17:34:45 Warning: Warning (2): touch() [<a href='http://php.net/function.touch'>function.touch</a>]: Utime failed: No error in [CORE\cake\libs\file.php, line 122]
2008-06-09 00:32:04 Warning: Warning (2): Cannot modify header information - headers already sent by (output started at Z:\home\kultor\www\app\controllers\events_controller.php:17) in [APP\views\events\ajax.ctp, line 1]
2008-06-09 00:32:20 Warning: Warning (2): Cannot modify header information - headers already sent by (output started at Z:\home\kultor\www\app\controllers\events_controller.php:17) in [APP\views\events\ajax.ctp, line 1]
2008-06-09 00:32:55 Warning: Warning (2): Cannot modify header information - headers already sent by (output started at Z:\home\kultor\www\app\controllers\events_controller.php:18) in [APP\views\events\ajax.ctp, line 1]
2008-06-09 00:55:00 Warning: Warning (2): Cannot modify header information - headers already sent by (output started at Z:\home\kultor\www\cake\basics.php:111) in [APP\views\events\ajax.ctp, line 1]
2008-06-09 00:55:00 Warning: Warning (2): Cannot modify header information - headers already sent by (output started at Z:\home\kultor\www\cake\basics.php:111) in [APP\views\events\ajax.ctp, line 1]
2008-06-09 01:03:47 Warning: Warning (2): mysql_num_rows(): supplied argument is not a valid MySQL result resource in [APP\controllers\events_controller.php, line 23]
2008-06-09 01:14:01 Warning: Warning (2): mysql_num_rows(): supplied argument is not a valid MySQL result resource in [APP\controllers\events_controller.php, line 23]
2008-06-09 01:14:36 Warning: Warning (2): mysql_num_rows(): supplied argument is not a valid MySQL result resource in [APP\controllers\events_controller.php, line 23]
2008-06-09 01:17:24 Warning: Warning (2): mysql_num_rows(): supplied argument is not a valid MySQL result resource in [APP\controllers\events_controller.php, line 23]
2008-06-09 01:17:31 Warning: Warning (2): mysql_num_rows(): supplied argument is not a valid MySQL result resource in [APP\controllers\events_controller.php, line 23]
2008-06-09 01:17:51 Warning: Warning (2): mysql_num_rows(): supplied argument is not a valid MySQL result resource in [APP\controllers\events_controller.php, line 23]
2008-06-09 01:20:47 Warning: Warning (2): mysql_num_rows(): supplied argument is not a valid MySQL result resource in [APP\controllers\events_controller.php, line 23]
2008-06-09 01:20:48 Warning: Warning (2): mysql_num_rows(): supplied argument is not a valid MySQL result resource in [APP\controllers\events_controller.php, line 23]
2008-06-09 01:21:07 Warning: Warning (2): mysql_num_rows(): supplied argument is not a valid MySQL result resource in [APP\controllers\events_controller.php, line 23]
2008-06-09 01:29:33 Warning: Warning (2): mysql_num_rows(): supplied argument is not a valid MySQL result resource in [APP\controllers\events_controller.php, line 23]
2008-06-09 01:43:26 Warning: Warning (2): session_destroy() [<a href='http://php.net/function.session-destroy'>function.session-destroy</a>]: Session object destruction failed in [CORE\cake\libs\session.php, line 623]
2008-06-09 01:43:26 Warning: Warning (2): session_start() [<a href='http://php.net/function.session-start'>function.session-start</a>]: Cannot send session cookie - headers already sent by (output started at Z:\home\kultor\www\cake\basics.php:111) in [CORE\cake\libs\session.php, line 628]
2008-06-09 01:43:26 Warning: Warning (2): session_start() [<a href='http://php.net/function.session-start'>function.session-start</a>]: Cannot send session cache limiter - headers already sent (output started at Z:\home\kultor\www\cake\basics.php:111) in [CORE\cake\libs\session.php, line 628]
2008-06-09 01:47:47 Warning: Warning (2): session_start() [<a href='http://php.net/function.session-start'>function.session-start</a>]: open(/tmp\sess_f4347d866d1d702323feb6e45e53ba1e, O_RDWR) failed: Permission denied (13) in [CORE\cake\libs\session.php, line 558]
2008-06-09 01:50:20 Warning: Warning (512): <span style = "color:Red;text-align:left"><b>SQL Error:</b> 1054: Unknown column 'User.user_id' in 'on clause'</span> in [CORE\cake\libs\model\datasources\dbo_source.php, line 501]
2008-06-09 01:51:32 Warning: Warning (2): session_destroy() [<a href='http://php.net/function.session-destroy'>function.session-destroy</a>]: Session object destruction failed in [CORE\cake\libs\session.php, line 623]
2008-06-09 01:51:32 Warning: Warning (2): session_start() [<a href='http://php.net/function.session-start'>function.session-start</a>]: Cannot send session cookie - headers already sent by (output started at Z:\home\kultor\www\cake\basics.php:111) in [CORE\cake\libs\session.php, line 628]
2008-06-09 01:51:32 Warning: Warning (2): session_start() [<a href='http://php.net/function.session-start'>function.session-start</a>]: Cannot send session cache limiter - headers already sent (output started at Z:\home\kultor\www\cake\basics.php:111) in [CORE\cake\libs\session.php, line 628]
2008-06-09 01:58:26 Warning: Warning (2): unlink(Z:\home\kultor\www\app\tmp\cache\\persistent\cake_core_dir_map) [<a href='http://php.net/function.unlink'>function.unlink</a>]: No such file or directory in [CORE\cake\libs\file.php, line 278]
2008-10-19 00:07:28 Warning: Warning (2): fopen(Z:\home\kultor\www\app\tmp\cache\\persistent\cake_core_object_map) [<a href='http://php.net/function.fopen'>function.fopen</a>]: failed to open stream: No such file or directory in [CORE\cake\libs\file.php, line 146]
2008-10-19 00:07:28 Warning: Warning (2): Cannot modify header information - headers already sent by (output started at Z:\home\kultor\www\cake\basics.php:111) in [CORE\cake\libs\controller\controller.php, line 576]
2008-10-19 00:07:28 Warning: Warning (2): touch() [<a href='http://php.net/function.touch'>function.touch</a>]: Unable to create file Z:\home\kultor\www\app\tmp\cache\\persistent\cake_core_default_pol because Permission denied in [CORE\cake\libs\file.php, line 122]
2008-10-21 08:19:36 Warning: Warning (2): unlink(Z:\home\kultor\www\app\tmp\cache\\persistent\cake_core_dir_map) [<a href='http://php.net/function.unlink'>function.unlink</a>]: No such file or directory in [CORE\cake\libs\file.php, line 278]
2008-10-21 14:52:31 Warning: Warning (2): Invalid argument supplied for foreach() in [APP\views\events\ajax.ctp, line 2]
2008-10-21 16:32:18 Warning: Warning (2): touch() [<a href='http://php.net/function.touch'>function.touch</a>]: Utime failed: No error in [CORE\cake\libs\file.php, line 122]
2008-10-28 14:29:22 Warning: Warning (2): array_merge() [<a href='http://php.net/function.array-merge'>function.array-merge</a>]: Argument #2 is not an array in [CORE\cake\libs\view\helpers\form.php, line 546]
2008-10-28 15:01:36 Warning: Warning (2): unlink(Z:\home\kultor\www\app\tmp\cache\\persistent\cake_core_core_paths) [<a href='http://php.net/function.unlink'>function.unlink</a>]: Permission denied in [CORE\cake\libs\file.php, line 278]
2008-10-28 15:01:36 Warning: Warning (2): unlink(Z:\home\kultor\www\app\tmp\cache\\persistent\cake_core_core_paths) [<a href='http://php.net/function.unlink'>function.unlink</a>]: Permission denied in [CORE\cake\libs\file.php, line 278]
2008-10-28 15:43:17 Warning: Warning (2): unlink(Z:\home\kultor\www\app\tmp\cache\\persistent\cake_core_dir_map) [<a href='http://php.net/function.unlink'>function.unlink</a>]: Permission denied in [CORE\cake\libs\file.php, line 278]
2008-10-28 15:53:25 Warning: Warning (2): unlink(Z:\home\kultor\www\app\tmp\cache\\persistent\cake_core_dir_map) [<a href='http://php.net/function.unlink'>function.unlink</a>]: Permission denied in [CORE\cake\libs\file.php, line 278]
2008-10-28 15:58:40 Warning: Warning (2): unlink(Z:\home\kultor\www\app\tmp\cache\\persistent\cake_core_dir_map) [<a href='http://php.net/function.unlink'>function.unlink</a>]: No such file or directory in [CORE\cake\libs\file.php, line 278]
2008-10-28 16:04:07 Warning: Warning (2): unlink(Z:\home\kultor\www\app\tmp\cache\\persistent\cake_core_dir_map) [<a href='http://php.net/function.unlink'>function.unlink</a>]: Permission denied in [CORE\cake\libs\file.php, line 278]
2008-10-28 16:04:10 Warning: Warning (2): unlink(Z:\home\kultor\www\app\tmp\cache\\persistent\cake_core_dir_map) [<a href='http://php.net/function.unlink'>function.unlink</a>]: Permission denied in [CORE\cake\libs\file.php, line 278]
2008-10-28 16:04:11 Warning: Warning (2): unlink(Z:\home\kultor\www\app\tmp\cache\\persistent\cake_core_core_paths) [<a href='http://php.net/function.unlink'>function.unlink</a>]: Permission denied in [CORE\cake\libs\file.php, line 278]
2008-10-28 16:13:54 Warning: Warning (2): fopen(Z:\home\kultor\www\app\tmp\cache\\models\cake_model_default_kultor_list) [<a href='http://php.net/function.fopen'>function.fopen</a>]: failed to open stream: No such file or directory in [CORE\cake\libs\file.php, line 146]
2008-10-28 16:13:54 Warning: Warning (2): touch() [<a href='http://php.net/function.touch'>function.touch</a>]: Unable to create file Z:\home\kultor\www\app\tmp\cache\\models\cake_model_default_events because Permission denied in [CORE\cake\libs\file.php, line 122]
2008-10-28 16:13:54 Warning: Warning (2): unlink(Z:\home\kultor\www\app\tmp\cache\\models\cake_model_default_users) [<a href='http://php.net/function.unlink'>function.unlink</a>]: Permission denied in [CORE\cake\libs\file.php, line 278]
2008-10-28 16:13:54 Warning: Warning (2): touch() [<a href='http://php.net/function.touch'>function.touch</a>]: Unable to create file Z:\home\kultor\www\app\tmp\cache\\models\cake_model_default_users because Permission denied in [CORE\cake\libs\file.php, line 122]
2008-10-28 16:13:54 Warning: Warning (2): unlink(Z:\home\kultor\www\app\tmp\cache\\models\cake_model_default_users) [<a href='http://php.net/function.unlink'>function.unlink</a>]: Permission denied in [CORE\cake\libs\file.php, line 278]
2008-10-28 16:13:54 Warning: Warning (2): touch() [<a href='http://php.net/function.touch'>function.touch</a>]: Unable to create file Z:\home\kultor\www\app\tmp\cache\\models\cake_model_default_users because Permission denied in [CORE\cake\libs\file.php, line 122]
2008-10-28 16:13:54 Warning: Warning (2): unlink(Z:\home\kultor\www\app\tmp\cache\\models\cake_model_default_places) [<a href='http://php.net/function.unlink'>function.unlink</a>]: Permission denied in [CORE\cake\libs\file.php, line 278]
2008-10-28 16:13:54 Warning: Warning (2): touch() [<a href='http://php.net/function.touch'>function.touch</a>]: Unable to create file Z:\home\kultor\www\app\tmp\cache\\models\cake_model_default_places because Permission denied in [CORE\cake\libs\file.php, line 122]
2008-10-28 16:13:54 Warning: Warning (2): touch() [<a href='http://php.net/function.touch'>function.touch</a>]: Unable to create file Z:\home\kultor\www\app\tmp\cache\\models\cake_model_default_places because Permission denied in [CORE\cake\libs\file.php, line 122]
2008-10-28 16:32:44 Warning: Warning (2): unlink(Z:\home\kultor\www\app\tmp\cache\\persistent\cake_core_dir_map) [<a href='http://php.net/function.unlink'>function.unlink</a>]: Permission denied in [CORE\cake\libs\file.php, line 278]
2008-10-28 16:58:22 Warning: Warning (2): unlink(Z:\home\kultor\www\app\tmp\cache\\persistent\cake_core_object_map) [<a href='http://php.net/function.unlink'>function.unlink</a>]: Permission denied in [CORE\cake\libs\file.php, line 278]
2008-10-28 17:40:20 Warning: Warning (2): unlink(Z:\home\kultor\www\app\tmp\cache\\persistent\cake_core_default_pol) [<a href='http://php.net/function.unlink'>function.unlink</a>]: Permission denied in [CORE\cake\libs\file.php, line 278]
2008-10-28 17:46:03 Warning: Warning (2): unlink(Z:\home\kultor\www\app\tmp\cache\\models\cake_model_default_users) [<a href='http://php.net/function.unlink'>function.unlink</a>]: Permission denied in [CORE\cake\libs\file.php, line 278]
2008-10-28 18:34:46 Warning: Warning (2): touch() [<a href='http://php.net/function.touch'>function.touch</a>]: Utime failed: No such file or directory in [CORE\cake\libs\file.php, line 122]
2008-10-28 20:40:39 Warning: Warning (2): unlink(Z:\home\kultor\www\app\tmp\cache\\models\cake_model_default_places) [<a href='http://php.net/function.unlink'>function.unlink</a>]: Permission denied in [CORE\cake\libs\file.php, line 278]
2008-10-29 00:47:24 Warning: Warning (2): fopen(Z:\home\kultor\www\app\tmp\cache\\persistent\cake_core_core_paths) [<a href='http://php.net/function.fopen'>function.fopen</a>]: failed to open stream: No such file or directory in [CORE\cake\libs\file.php, line 146]
2008-10-29 00:47:25 Warning: Warning (2): touch() [<a href='http://php.net/function.touch'>function.touch</a>]: Utime failed: No such file or directory in [CORE\cake\libs\file.php, line 122]
2008-10-29 00:47:25 Warning: Warning (2): fopen(Z:\home\kultor\www\app\tmp\cache\\persistent\cake_core_core_paths) [<a href='http://php.net/function.fopen'>function.fopen</a>]: failed to open stream: No such file or directory in [CORE\cake\libs\file.php, line 146]
2008-10-29 00:47:25 Warning: Warning (2): unlink(Z:\home\kultor\www\app\tmp\cache\\persistent\cake_core_core_paths) [<a href='http://php.net/function.unlink'>function.unlink</a>]: Permission denied in [CORE\cake\libs\file.php, line 278]
2008-10-29 00:47:25 Warning: Warning (2): touch() [<a href='http://php.net/function.touch'>function.touch</a>]: Unable to create file Z:\home\kultor\www\app\tmp\cache\\persistent\cake_core_dir_map because Permission denied in [CORE\cake\libs\file.php, line 122]
2008-10-29 00:47:25 Warning: Warning (2): unlink(Z:\home\kultor\www\app\tmp\cache\\persistent\cake_core_core_paths) [<a href='http://php.net/function.unlink'>function.unlink</a>]: Permission denied in [CORE\cake\libs\file.php, line 278]
2008-10-29 00:47:27 Warning: Warning (2): unlink(Z:\home\kultor\www\app\tmp\cache\\persistent\cake_core_default_pol) [<a href='http://php.net/function.unlink'>function.unlink</a>]: No such file or directory in [CORE\cake\libs\file.php, line 278]
2008-10-29 10:43:07 Warning: Warning (2): unlink(Z:\home\kultor\www\app\tmp\cache\\persistent\cake_core_default_pol) [<a href='http://php.net/function.unlink'>function.unlink</a>]: Permission denied in [CORE\cake\libs\file.php, line 278]
2008-10-29 10:43:29 Warning: Warning (2): touch() [<a href='http://php.net/function.touch'>function.touch</a>]: Utime failed: No error in [CORE\cake\libs\file.php, line 122]
2008-10-29 10:43:29 Warning: Warning (2): unlink(Z:\home\kultor\www\app\tmp\cache\\models\cake_model_default_places) [<a href='http://php.net/function.unlink'>function.unlink</a>]: Permission denied in [CORE\cake\libs\file.php, line 278]
2008-10-29 10:43:29 Warning: Warning (2): Cannot modify header information - headers already sent by (output started at Z:\home\kultor\www\cake\basics.php:111) in [CORE\cake\libs\controller\controller.php, line 576]
2008-11-07 12:33:35 Warning: Warning (2): unlink(files/upload/avatar/23.png) [<a href='http://php.net/function.unlink'>function.unlink</a>]: No such file or directory in [APP\controllers\components\uploader.php, line 49]
2008-11-07 12:33:35 Warning: Warning (2): unlink(files/upload/avatar/26.jpg) [<a href='http://php.net/function.unlink'>function.unlink</a>]: No such file or directory in [APP\controllers\components\uploader.php, line 49]
2008-11-07 12:33:35 Warning: Warning (2): unlink(files/upload/avatar/27.jpg) [<a href='http://php.net/function.unlink'>function.unlink</a>]: No such file or directory in [APP\controllers\components\uploader.php, line 49]
2008-11-07 12:33:35 Warning: Warning (2): unlink(files/upload/avatar/28.jpg) [<a href='http://php.net/function.unlink'>function.unlink</a>]: No such file or directory in [APP\controllers\components\uploader.php, line 49]
2008-11-07 12:33:35 Warning: Warning (2): unlink(files/upload/avatar/29.jpg) [<a href='http://php.net/function.unlink'>function.unlink</a>]: No such file or directory in [APP\controllers\components\uploader.php, line 49]
2008-11-07 12:33:35 Warning: Warning (2): Cannot modify header information - headers already sent by (output started at Z:\home\kultor\www\cake\basics.php:111) in [CORE\cake\libs\controller\controller.php, line 576]
2008-11-07 12:37:07 Warning: Warning (2): unlink(files/upload/avatar/23.png) [<a href='http://php.net/function.unlink'>function.unlink</a>]: No such file or directory in [APP\controllers\components\uploader.php, line 49]
2008-11-07 12:37:07 Warning: Warning (2): unlink(files/upload/avatar/26.jpg) [<a href='http://php.net/function.unlink'>function.unlink</a>]: No such file or directory in [APP\controllers\components\uploader.php, line 49]
2008-11-07 12:37:07 Warning: Warning (2): unlink(files/upload/avatar/27.jpg) [<a href='http://php.net/function.unlink'>function.unlink</a>]: No such file or directory in [APP\controllers\components\uploader.php, line 49]
2008-11-07 12:37:07 Warning: Warning (2): unlink(files/upload/avatar/28.jpg) [<a href='http://php.net/function.unlink'>function.unlink</a>]: No such file or directory in [APP\controllers\components\uploader.php, line 49]
2008-11-07 12:37:07 Warning: Warning (2): unlink(files/upload/avatar/29.jpg) [<a href='http://php.net/function.unlink'>function.unlink</a>]: No such file or directory in [APP\controllers\components\uploader.php, line 49]
2008-11-07 12:37:07 Warning: Warning (2): unlink(files/upload/avatar/30.jpg) [<a href='http://php.net/function.unlink'>function.unlink</a>]: No such file or directory in [APP\controllers\components\uploader.php, line 49]
2008-11-07 12:37:07 Warning: Warning (2): Cannot modify header information - headers already sent by (output started at Z:\home\kultor\www\cake\basics.php:111) in [CORE\cake\libs\controller\controller.php, line 576]
2008-11-07 12:42:26 Warning: Warning (2): unlink(files/upload/avatar/23.png) [<a href='http://php.net/function.unlink'>function.unlink</a>]: No such file or directory in [APP\controllers\components\uploader.php, line 49]
2008-11-07 12:42:26 Warning: Warning (2): unlink(files/upload/avatar/26.jpg) [<a href='http://php.net/function.unlink'>function.unlink</a>]: No such file or directory in [APP\controllers\components\uploader.php, line 49]
2008-11-07 12:42:26 Warning: Warning (2): unlink(files/upload/avatar/27.jpg) [<a href='http://php.net/function.unlink'>function.unlink</a>]: No such file or directory in [APP\controllers\components\uploader.php, line 49]
2008-11-07 12:42:26 Warning: Warning (2): unlink(files/upload/avatar/28.jpg) [<a href='http://php.net/function.unlink'>function.unlink</a>]: No such file or directory in [APP\controllers\components\uploader.php, line 49]
2008-11-07 12:42:26 Warning: Warning (2): unlink(files/upload/avatar/29.jpg) [<a href='http://php.net/function.unlink'>function.unlink</a>]: No such file or directory in [APP\controllers\components\uploader.php, line 49]
2008-11-07 12:42:26 Warning: Warning (2): unlink(files/upload/avatar/30.jpg) [<a href='http://php.net/function.unlink'>function.unlink</a>]: No such file or directory in [APP\controllers\components\uploader.php, line 49]
2008-11-07 12:42:26 Warning: Warning (2): unlink(files/upload/avatar/31.jpg) [<a href='http://php.net/function.unlink'>function.unlink</a>]: No such file or directory in [APP\controllers\components\uploader.php, line 49]
2008-11-07 12:42:26 Warning: Warning (512): <span style = "color:Red;text-align:left"><b>SQL Error:</b> 1146: Table 'kultor.filelist' doesn't exist</span> in [CORE\cake\libs\model\datasources\dbo_source.php, line 501]
2008-11-07 12:42:26 Warning: Warning (2): Cannot modify header information - headers already sent by (output started at Z:\home\kultor\www\cake\basics.php:111) in [CORE\cake\libs\controller\controller.php, line 576]
2008-11-07 12:43:03 Warning: Warning (2): unlink(files/upload/avatar/23.png) [<a href='http://php.net/function.unlink'>function.unlink</a>]: No such file or directory in [APP\controllers\components\uploader.php, line 49]
2008-11-07 12:43:03 Warning: Warning (2): unlink(files/upload/avatar/26.jpg) [<a href='http://php.net/function.unlink'>function.unlink</a>]: No such file or directory in [APP\controllers\components\uploader.php, line 49]
2008-11-07 12:43:03 Warning: Warning (2): unlink(files/upload/avatar/27.jpg) [<a href='http://php.net/function.unlink'>function.unlink</a>]: No such file or directory in [APP\controllers\components\uploader.php, line 49]
2008-11-07 12:43:03 Warning: Warning (2): unlink(files/upload/avatar/28.jpg) [<a href='http://php.net/function.unlink'>function.unlink</a>]: No such file or directory in [APP\controllers\components\uploader.php, line 49]
2008-11-07 12:43:03 Warning: Warning (2): unlink(files/upload/avatar/29.jpg) [<a href='http://php.net/function.unlink'>function.unlink</a>]: No such file or directory in [APP\controllers\components\uploader.php, line 49]
2008-11-07 12:43:03 Warning: Warning (2): unlink(files/upload/avatar/30.jpg) [<a href='http://php.net/function.unlink'>function.unlink</a>]: No such file or directory in [APP\controllers\components\uploader.php, line 49]
2008-11-07 12:43:03 Warning: Warning (2): unlink(files/upload/avatar/31.jpg) [<a href='http://php.net/function.unlink'>function.unlink</a>]: No such file or directory in [APP\controllers\components\uploader.php, line 49]
2008-11-07 12:43:03 Warning: Warning (2): unlink(files/upload/avatar/32.jpg) [<a href='http://php.net/function.unlink'>function.unlink</a>]: No such file or directory in [APP\controllers\components\uploader.php, line 49]
2008-11-07 12:43:03 Warning: Warning (2): unlink(files/upload/avatar/33.jpg) [<a href='http://php.net/function.unlink'>function.unlink</a>]: No such file or directory in [APP\controllers\components\uploader.php, line 49]
2008-11-07 12:43:03 Warning: Warning (2): unlink(files/upload/avatar/34.jpg) [<a href='http://php.net/function.unlink'>function.unlink</a>]: No such file or directory in [APP\controllers\components\uploader.php, line 49]
2008-11-07 12:43:03 Warning: Warning (2): unlink(files/upload/avatar/35.jpg) [<a href='http://php.net/function.unlink'>function.unlink</a>]: No such file or directory in [APP\controllers\components\uploader.php, line 49]
2008-11-07 12:43:03 Warning: Warning (2): unlink(files/upload/avatar/36.jpg) [<a href='http://php.net/function.unlink'>function.unlink</a>]: No such file or directory in [APP\controllers\components\uploader.php, line 49]
2008-11-07 12:43:20 Warning: Warning (2): unlink(files/upload/avatar/23.png) [<a href='http://php.net/function.unlink'>function.unlink</a>]: No such file or directory in [APP\controllers\components\uploader.php, line 49]
2008-11-07 12:43:20 Warning: Warning (2): unlink(files/upload/avatar/26.jpg) [<a href='http://php.net/function.unlink'>function.unlink</a>]: No such file or directory in [APP\controllers\components\uploader.php, line 49]
2008-11-07 12:43:20 Warning: Warning (2): unlink(files/upload/avatar/27.jpg) [<a href='http://php.net/function.unlink'>function.unlink</a>]: No such file or directory in [APP\controllers\components\uploader.php, line 49]
2008-11-07 12:43:21 Warning: Warning (2): unlink(files/upload/avatar/28.jpg) [<a href='http://php.net/function.unlink'>function.unlink</a>]: No such file or directory in [APP\controllers\components\uploader.php, line 49]
2008-11-07 12:43:21 Warning: Warning (2): unlink(files/upload/avatar/29.jpg) [<a href='http://php.net/function.unlink'>function.unlink</a>]: No such file or directory in [APP\controllers\components\uploader.php, line 49]
2008-11-07 12:43:21 Warning: Warning (2): unlink(files/upload/avatar/30.jpg) [<a href='http://php.net/function.unlink'>function.unlink</a>]: No such file or directory in [APP\controllers\components\uploader.php, line 49]
2008-11-07 12:43:21 Warning: Warning (2): unlink(files/upload/avatar/31.jpg) [<a href='http://php.net/function.unlink'>function.unlink</a>]: No such file or directory in [APP\controllers\components\uploader.php, line 49]
2008-11-07 12:43:21 Warning: Warning (2): unlink(files/upload/avatar/32.jpg) [<a href='http://php.net/function.unlink'>function.unlink</a>]: No such file or directory in [APP\controllers\components\uploader.php, line 49]
2008-11-07 12:43:21 Warning: Warning (2): unlink(files/upload/avatar/33.jpg) [<a href='http://php.net/function.unlink'>function.unlink</a>]: No such file or directory in [APP\controllers\components\uploader.php, line 49]
2008-11-07 12:43:21 Warning: Warning (2): unlink(files/upload/avatar/34.jpg) [<a href='http://php.net/function.unlink'>function.unlink</a>]: No such file or directory in [APP\controllers\components\uploader.php, line 49]
2008-11-07 12:43:21 Warning: Warning (2): unlink(files/upload/avatar/35.jpg) [<a href='http://php.net/function.unlink'>function.unlink</a>]: No such file or directory in [APP\controllers\components\uploader.php, line 49]
2008-11-07 12:43:21 Warning: Warning (2): unlink(files/upload/avatar/36.jpg) [<a href='http://php.net/function.unlink'>function.unlink</a>]: No such file or directory in [APP\controllers\components\uploader.php, line 49]
2008-11-07 12:43:21 Warning: Warning (2): unlink(files/upload/avatar/37.jpg) [<a href='http://php.net/function.unlink'>function.unlink</a>]: No such file or directory in [APP\controllers\components\uploader.php, line 49]
2008-11-07 12:43:21 Warning: Warning (2): Cannot modify header information - headers already sent by (output started at Z:\home\kultor\www\cake\basics.php:111) in [CORE\cake\libs\controller\controller.php, line 576]
2008-11-07 12:47:07 Warning: Warning (512): <span style = "color:Red;text-align:left"><b>SQL Error:</b> 1048: Column 'name' cannot be null</span> in [CORE\cake\libs\model\datasources\dbo_source.php, line 501]
2008-11-07 12:47:07 Warning: Warning (2): Cannot modify header information - headers already sent by (output started at Z:\home\kultor\www\cake\basics.php:111) in [CORE\cake\libs\controller\controller.php, line 576]
2008-11-07 12:47:15 Warning: Warning (2): Cannot modify header information - headers already sent by (output started at Z:\home\kultor\www\cake\basics.php:111) in [CORE\cake\libs\controller\controller.php, line 576]
2008-11-07 12:47:30 Warning: Warning (2): Cannot modify header information - headers already sent by (output started at Z:\home\kultor\www\cake\basics.php:111) in [CORE\cake\libs\controller\controller.php, line 576]
2008-11-07 12:49:30 Warning: Warning (2): Cannot modify header information - headers already sent by (output started at Z:\home\kultor\www\cake\basics.php:111) in [CORE\cake\libs\controller\controller.php, line 587]
2008-11-07 12:51:31 Warning: Warning (2): Cannot modify header information - headers already sent by (output started at Z:\home\kultor\www\cake\basics.php:111) in [CORE\cake\libs\controller\controller.php, line 587]
2008-11-07 12:55:52 Warning: Warning (2): unlink(45.png) [<a href='http://php.net/function.unlink'>function.unlink</a>]: No such file or directory in [APP\controllers\components\uploader.php, line 27]
2008-11-07 12:55:52 Warning: Warning (2): Cannot modify header information - headers already sent by (output started at Z:\home\kultor\www\cake\basics.php:111) in [CORE\cake\libs\controller\controller.php, line 587]
2008-11-07 12:56:24 Warning: Warning (2): unlink(files/upload/avatar/47.jpg) [<a href='http://php.net/function.unlink'>function.unlink</a>]: No such file or directory in [APP\controllers\components\uploader.php, line 27]
2008-11-07 12:56:24 Warning: Warning (2): Cannot modify header information - headers already sent by (output started at Z:\home\kultor\www\cake\basics.php:111) in [CORE\cake\libs\controller\controller.php, line 587]
2008-11-07 13:33:12 Warning: Warning (512): <span style = "color:Red;text-align:left"><b>SQL Error:</b> 1054: Unknown column 'User.user_id' in 'on clause'</span> in [CORE\cake\libs\model\datasources\dbo_source.php, line 521]
2008-11-07 13:33:13 Warning: Warning (512): <span style = "color:Red;text-align:left"><b>SQL Error:</b> 1054: Unknown column 'User.user_id' in 'on clause'</span> in [CORE\cake\libs\model\datasources\dbo_source.php, line 521]
2008-11-07 13:45:18 Warning: Warning (512): <span style = "color:Red;text-align:left"><b>SQL Error:</b> 1054: Unknown column 'User.user_id' in 'on clause'</span> in [CORE\cake\libs\model\datasources\dbo_source.php, line 521]
2008-11-07 13:45:19 Warning: Warning (512): <span style = "color:Red;text-align:left"><b>SQL Error:</b> 1054: Unknown column 'User.user_id' in 'on clause'</span> in [CORE\cake\libs\model\datasources\dbo_source.php, line 521]
2008-11-07 13:47:35 Warning: Warning (512): Method FormHelper::date does not exist in [CORE\cake\libs\view\helper.php, line 148]
2008-11-07 13:47:40 Warning: Warning (512): Method FormHelper::date does not exist in [CORE\cake\libs\view\helper.php, line 148]
2008-11-07 13:47:53 Warning: Warning (512): Method FormHelper::date does not exist in [CORE\cake\libs\view\helper.php, line 148]
2008-11-07 13:49:39 Warning: Warning (512): Method FormHelper::combobox does not exist in [CORE\cake\libs\view\helper.php, line 148]
2008-11-07 18:41:12 Warning: Warning (2): Cannot modify header information - headers already sent by (output started at Z:\home\kultor\www\cake\libs\configure.php:316) in [CORE\cake\libs\controller\controller.php, line 587]
2008-11-07 18:41:26 Warning: Warning (2): Cannot modify header information - headers already sent by (output started at Z:\home\kultor\www\cake\libs\configure.php:317) in [CORE\cake\libs\controller\controller.php, line 587]
2008-11-07 18:46:14 Warning: Warning (512): Configure::load() - no variable $config found in kultor.php in [CORE\cake\libs\configure.php, line 395]
2008-11-07 18:46:36 Warning: Warning (512): Configure::load() - no variable $config found in kultor.php in [CORE\cake\libs\configure.php, line 395]
2008-11-07 18:46:39 Warning: Warning (512): Configure::load() - no variable $config found in kultor.php in [CORE\cake\libs\configure.php, line 395]
2008-11-07 18:47:03 Warning: Warning (2): Illegal offset type in [CORE\cake\libs\configure.php, line 252]
2008-11-07 20:33:37 Warning: Warning (512): <span style = "color:Red;text-align:left"><b>SQL Error:</b> 1054: Unknown column 'User.name' in 'field list'</span> in [CORE\cake\libs\model\datasources\dbo_source.php, line 521]
2008-11-07 20:33:37 Warning: Warning (2): Invalid argument supplied for foreach() in [APP\views\events\index.ctp, line 21]
2008-11-07 20:33:38 Warning: Warning (512): <span style = "color:Red;text-align:left"><b>SQL Error:</b> 1054: Unknown column 'User.name' in 'field list'</span> in [CORE\cake\libs\model\datasources\dbo_source.php, line 521]
2008-11-07 20:33:38 Warning: Warning (2): Invalid argument supplied for foreach() in [APP\views\events\index.ctp, line 21]
2008-11-07 20:36:33 Warning: Warning (2): preg_match() expects parameter 2 to be string, array given in [CORE\cake\libs\model\datasources\dbo_source.php, line 1665]
2008-11-07 20:36:33 Warning: Warning (512): <span style = "color:Red;text-align:left"><b>SQL Error:</b> 1054: Unknown column 'Place.Array' in 'field list'</span> in [CORE\cake\libs\model\datasources\dbo_source.php, line 521]
2008-11-07 20:36:56 Warning: Warning (2): preg_match() expects parameter 2 to be string, array given in [CORE\cake\libs\model\datasources\dbo_source.php, line 1665]
2008-11-07 20:36:56 Warning: Warning (512): <span style = "color:Red;text-align:left"><b>SQL Error:</b> 1054: Unknown column 'Place.Array' in 'field list'</span> in [CORE\cake\libs\model\datasources\dbo_source.php, line 521]
2008-11-07 20:40:52 Warning: Warning (512): <span style = "color:Red;text-align:left"><b>SQL Error:</b> 1054: Unknown column 'User.name' in 'field list'</span> in [CORE\cake\libs\model\datasources\dbo_source.php, line 521]
2008-11-07 20:40:53 Warning: Warning (2): Invalid argument supplied for foreach() in [APP\views\events\index.ctp, line 21]
2008-11-07 20:46:25 Warning: Warning (512): <span style = "color:Red;text-align:left"><b>SQL Error:</b> 1054: Unknown column 'User.name' in 'field list'</span> in [CORE\cake\libs\model\datasources\dbo_source.php, line 521]
2008-11-07 20:46:25 Warning: Warning (2): Invalid argument supplied for foreach() in [APP\views\events\index.ctp, line 21]
2008-11-07 20:55:04 Warning: Warning (512): <span style = "color:Red;text-align:left"><b>SQL Error:</b> 1064: You have an error in your SQL syntax; check the manual that corresponds to your MySQL server version for the right syntax to use near 'findNonEmpty' at line 1</span> in [CORE\cake\libs\model\datasources\dbo_source.php, line 521]
2008-11-07 20:55:05 Warning: Warning (512): <span style = "color:Red;text-align:left"><b>SQL Error:</b> 1064: You have an error in your SQL syntax; check the manual that corresponds to your MySQL server version for the right syntax to use near 'findNonEmpty' at line 1</span> in [CORE\cake\libs\model\datasources\dbo_source.php, line 521]
2008-11-07 20:55:43 Warning: Warning (512): <span style = "color:Red;text-align:left"><b>SQL Error:</b> 1064: You have an error in your SQL syntax; check the manual that corresponds to your MySQL server version for the right syntax to use near 'findNonEmpty' at line 1</span> in [CORE\cake\libs\model\datasources\dbo_source.php, line 521]
2008-11-07 20:55:44 Warning: Warning (512): <span style = "color:Red;text-align:left"><b>SQL Error:</b> 1064: You have an error in your SQL syntax; check the manual that corresponds to your MySQL server version for the right syntax to use near 'findNonEmpty' at line 1</span> in [CORE\cake\libs\model\datasources\dbo_source.php, line 521]
2008-11-07 21:13:40 Warning: Warning (2): Invalid argument supplied for foreach() in [APP\models\city.php, line 15]
2008-11-07 21:13:49 Warning: Warning (2): Invalid argument supplied for foreach() in [APP\models\city.php, line 15]
2008-11-07 21:13:54 Warning: Warning (2): Invalid argument supplied for foreach() in [APP\models\city.php, line 15]
2008-11-07 21:14:03 Warning: Warning (2): Invalid argument supplied for foreach() in [APP\models\city.php, line 15]
2008-11-07 21:16:54 Warning: Warning (2): Illegal offset type in [APP\models\city.php, line 16]
2008-11-07 21:17:19 Warning: Warning (2): Illegal offset type in [APP\models\city.php, line 16]
2008-11-07 21:18:25 Warning: Warning (2): Illegal offset type in [APP\models\city.php, line 16]
2008-11-07 21:29:02 Warning: Warning (2): fopen(Z:\home\kultor\www\app\tmp\cache\\models\cake_model_default_kultor_list) [<a href='http://php.net/function.fopen'>function.fopen</a>]: failed to open stream: No such file or directory in [CORE\cake\libs\file.php, line 146]
2008-11-07 21:29:03 Warning: Warning (2): unlink(Z:\home\kultor\www\app\tmp\cache\\models\cake_model_default_events) [<a href='http://php.net/function.unlink'>function.unlink</a>]: Permission denied in [CORE\cake\libs\file.php, line 279]
2008-11-07 21:29:03 Warning: Warning (2): unlink(Z:\home\kultor\www\app\tmp\cache\\models\cake_model_default_users) [<a href='http://php.net/function.unlink'>function.unlink</a>]: Permission denied in [CORE\cake\libs\file.php, line 279]
2008-11-07 21:29:03 Warning: Warning (2): touch() [<a href='http://php.net/function.touch'>function.touch</a>]: Unable to create file Z:\home\kultor\www\app\tmp\cache\\models\cake_model_default_cities because Permission denied in [CORE\cake\libs\file.php, line 122]
2008-11-07 21:29:03 Warning: Warning (2): fopen(Z:\home\kultor\www\app\tmp\cache\\persistent\cake_core_default_pol) [<a href='http://php.net/function.fopen'>function.fopen</a>]: failed to open stream: No such file or directory in [CORE\cake\libs\file.php, line 146]
2008-11-07 22:24:41 Warning: Warning (2): implode() [<a href='http://php.net/function.implode'>function.implode</a>]: Bad arguments. in [APP\models\event.php, line 35]
2008-11-07 22:32:56 Warning: Warning (2): Cannot modify header information - headers already sent by (output started at Z:\home\kultor\www\app\models\behaviors\wikable.php:2) in [CORE\cake\libs\controller\controller.php, line 587]
2008-11-07 22:33:14 Warning: Warning (2): Cannot modify header information - headers already sent by (output started at Z:\home\kultor\www\app\models\behaviors\wikable.php:2) in [CORE\cake\libs\controller\controller.php, line 587]
2008-11-07 22:46:49 Warning: Warning (512): <span style = "color:Red;text-align:left"><b>SQL Error:</b> 1054: Unknown column 'User.name' in 'field list'</span> in [CORE\cake\libs\model\datasources\dbo_source.php, line 521]
2008-11-07 22:46:49 Warning: Warning (2): Invalid argument supplied for foreach() in [APP\views\events\index.ctp, line 21]
2008-11-07 22:46:50 Warning: Warning (512): <span style = "color:Red;text-align:left"><b>SQL Error:</b> 1054: Unknown column 'User.name' in 'field list'</span> in [CORE\cake\libs\model\datasources\dbo_source.php, line 521]
2008-11-07 22:46:50 Warning: Warning (2): Invalid argument supplied for foreach() in [APP\views\events\index.ctp, line 21]
2008-11-07 23:14:12 Warning: Warning (512): <span style = "color:Red;text-align:left"><b>SQL Error:</b> 1054: Unknown column 'Place.place_name' in 'where clause'</span> in [CORE\cake\libs\model\datasources\dbo_source.php, line 521]
2008-11-07 23:14:40 Warning: Warning (512): <span style = "color:Red;text-align:left"><b>SQL Error:</b> 1054: Unknown column 'Place.place_name' in 'where clause'</span> in [CORE\cake\libs\model\datasources\dbo_source.php, line 521]
2008-11-07 23:24:20 Warning: Warning (512): <span style = "color:Red;text-align:left"><b>SQL Error:</b> 1064: You have an error in your SQL syntax; check the manual that corresponds to your MySQL server version for the right syntax to use near 'user' at line 1</span> in [CORE\cake\libs\model\datasources\dbo_source.php, line 521]
2008-11-08 00:27:39 Warning: Warning (512): <span style = "color:Red;text-align:left"><b>SQL Error:</b> 1054: Unknown column 'Place.user_id' in 'on clause'</span> in [CORE\cake\libs\model\datasources\dbo_source.php, line 521]
2008-11-08 00:27:40 Warning: Warning (512): <span style = "color:Red;text-align:left"><b>SQL Error:</b> 1054: Unknown column 'Place.user_id' in 'on clause'</span> in [CORE\cake\libs\model\datasources\dbo_source.php, line 521]
2008-11-08 00:33:04 Warning: Warning (4096): Object of class Event could not be converted to string in [APP\models\behaviors\wikable.php, line 16]
2008-11-08 01:23:21 Warning: Warning (512): <span style = "color:Red;text-align:left"><b>SQL Error:</b> 1064: You have an error in your SQL syntax; check the manual that corresponds to your MySQL server version for the right syntax to use near ')' at line 1</span> in [CORE\cake\libs\model\datasources\dbo_source.php, line 521]
2008-11-08 01:23:22 Warning: Warning (512): <span style = "color:Red;text-align:left"><b>SQL Error:</b> 1064: You have an error in your SQL syntax; check the manual that corresponds to your MySQL server version for the right syntax to use near ')' at line 1</span> in [CORE\cake\libs\model\datasources\dbo_source.php, line 521]
2008-11-08 01:23:29 Warning: Warning (512): <span style = "color:Red;text-align:left"><b>SQL Error:</b> 1064: You have an error in your SQL syntax; check the manual that corresponds to your MySQL server version for the right syntax to use near ')' at line 1</span> in [CORE\cake\libs\model\datasources\dbo_source.php, line 521]
2008-11-08 01:23:29 Warning: Warning (512): <span style = "color:Red;text-align:left"><b>SQL Error:</b> 1064: You have an error in your SQL syntax; check the manual that corresponds to your MySQL server version for the right syntax to use near ')' at line 1</span> in [CORE\cake\libs\model\datasources\dbo_source.php, line 521]
2008-11-08 01:23:59 Warning: Warning (512): <span style = "color:Red;text-align:left"><b>SQL Error:</b> 1064: You have an error in your SQL syntax; check the manual that corresponds to your MySQL server version for the right syntax to use near ')' at line 1</span> in [CORE\cake\libs\model\datasources\dbo_source.php, line 521]
2008-11-08 01:23:59 Warning: Warning (512): <span style = "color:Red;text-align:left"><b>SQL Error:</b> 1064: You have an error in your SQL syntax; check the manual that corresponds to your MySQL server version for the right syntax to use near ')' at line 1</span> in [CORE\cake\libs\model\datasources\dbo_source.php, line 521]
2008-11-08 01:27:25 Warning: Warning (512): <span style = "color:Red;text-align:left"><b>SQL Error:</b> 1064: You have an error in your SQL syntax; check the manual that corresponds to your MySQL server version for the right syntax to use near ')' at line 1</span> in [CORE\cake\libs\model\datasources\dbo_source.php, line 521]
2008-11-08 01:27:25 Warning: Warning (512): <span style = "color:Red;text-align:left"><b>SQL Error:</b> 1064: You have an error in your SQL syntax; check the manual that corresponds to your MySQL server version for the right syntax to use near ')' at line 1</span> in [CORE\cake\libs\model\datasources\dbo_source.php, line 521]
2008-11-08 01:50:59 Warning: Warning (512): <span style = "color:Red;text-align:left"><b>SQL Error:</b> 1052: Column 'id' in where clause is ambiguous</span> in [CORE\cake\libs\model\datasources\dbo_source.php, line 521]
2008-11-08 15:50:33 Warning: Warning (512): Method FormHelper::link does not exist in [CORE\cake\libs\view\helper.php, line 148]
2009-01-27 13:06:48 Warning: Warning (2): fopen(Z:\home\kultor\www\app\tmp\cache\\persistent\cake_core_core_paths) [<a href='http://php.net/function.fopen'>function.fopen</a>]: failed to open stream: No such file or directory in [CORE\cake\libs\file.php, line 156]
2009-01-27 13:06:52 Warning: Warning (2): Cannot modify header information - headers already sent by (output started at Z:\home\kultor\www\cake\basics.php:111) in [CORE\cake\libs\controller\controller.php, line 615]
2009-01-27 13:06:52 Warning: Warning (2): Cannot modify header information - headers already sent by (output started at Z:\home\kultor\www\cake\basics.php:111) in [CORE\cake\libs\controller\controller.php, line 615]
2009-01-27 13:06:58 Warning: Warning (2): Cannot modify header information - headers already sent by (output started at Z:\home\kultor\www\cake\basics.php:111) in [CORE\cake\libs\controller\controller.php, line 615]
2009-01-27 13:07:01 Warning: Warning (2): Cannot modify header information - headers already sent by (output started at Z:\home\kultor\www\cake\basics.php:111) in [CORE\cake\libs\controller\controller.php, line 615]
2009-01-27 13:07:27 Warning: Warning (2): Cannot modify header information - headers already sent by (output started at Z:\home\kultor\www\cake\basics.php:111) in [CORE\cake\libs\controller\controller.php, line 615]
